app/manifest-merger-release-report.txt
-- Merging decision tree log ---
manifest
ADDED from AndroidManifest.xml:2:1
	package
		ADDED from AndroidManifest.xml:3:5
		INJECTED from AndroidManifest.xml:0:0
		INJECTED from AndroidManifest.xml:0:0
	android:versionName
		INJECTED from AndroidManifest.xml:0:0
		INJECTED from AndroidManifest.xml:0:0
	xmlns:android
		ADDED from AndroidManifest.xml:2:11
	android:versionCode
		INJECTED from AndroidManifest.xml:0:0
		INJECTED from AndroidManifest.xml:0:0
uses-permission#android.permission.INTERNET
ADDED from AndroidManifest.xml:5:5
	android:name
		ADDED from AndroidManifest.xml:5:22
uses-permission#android.permission.ACCESS_NETWORK_STATE
ADDED from AndroidManifest.xml:6:5
	android:name
		ADDED from AndroidManifest.xml:6:22
supports-screens
ADDED from AndroidManifest.xml:7:5
	android:largeScreens
		ADDED from AndroidManifest.xml:10:5
	android:smallScreens
		ADDED from AndroidManifest.xml:8:5
	android:normalScreens
		ADDED from AndroidManifest.xml:9:5
	android:xlargeScreens
		ADDED from AndroidManifest.xml:11:5
	android:resizeable
		ADDED from AndroidManifest.xml:7:23
	android:anyDensity
		ADDED from AndroidManifest.xml:12:5
application
ADDED from AndroidManifest.xml:14:5
MERGED from com.android.support:appcompat-v7:21.0.3:16:5
MERGED from com.android.support:support-v4:21.0.3:16:5
	android:label
		ADDED from AndroidManifest.xml:17:9
	android:allowBackup
		ADDED from AndroidManifest.xml:15:9
	android:icon
		ADDED from AndroidManifest.xml:16:9
	android:theme
		ADDED from AndroidManifest.xml:18:9
activity#com.mioty.fabianbuentello.nrinject.mainListView
ADDED from AndroidManifest.xml:19:9
	android:screenOrientation
		ADDED from AndroidManifest.xml:23:13
	android:label
		ADDED from AndroidManifest.xml:21:13
	android:theme
		ADDED from AndroidManifest.xml:22:13
	android:name
		ADDED from AndroidManifest.xml:20:13
intent-filter#android.intent.action.MAIN+android.intent.category.LAUNCHER
ADDED from AndroidManifest.xml:24:13
action#android.intent.action.MAIN
ADDED from AndroidManifest.xml:25:17
	android:name
		ADDED from AndroidManifest.xml:25:25
category#android.intent.category.LAUNCHER
ADDED from AndroidManifest.xml:27:17
	android:name
		ADDED from AndroidManifest.xml:27:27
activity#com.mioty.fabianbuentello.nrinject.Settings
ADDED from AndroidManifest.xml:30:9
	android:screenOrientation
		ADDED from AndroidManifest.xml:34:13
	android:label
		ADDED from AndroidManifest.xml:32:13
	android:theme
		ADDED from AndroidManifest.xml:33:13
	android:name
		ADDED from AndroidManifest.xml:31:13
uses-sdk
INJECTED from AndroidManifest.xml:0:0 reason: use-sdk injection requested
MERGED from com.android.support:appcompat-v7:21.0.3:15:5
MERGED from com.android.support:support-v4:21.0.3:15:5
	android:targetSdkVersion
		INJECTED from AndroidManifest.xml:0:0
		INJECTED from AndroidManifest.xml:0:0
	android:minSdkVersion
		INJECTED from AndroidManifest.xml:0:0
		INJECTED from AndroidManifest.xml:0:0